<?xml version="1.0" encoding="UTF-8"?>
<!-- Generated by org.testng.reporters.JUnitReportReporter -->
<testsuite hostname="LTIN251660" failures="0" tests="1" name="CASPROJECT.TC01" time="10.702" errors="0" timestamp="2024-02-19T13:56:37 IST" skipped="0">
  <testcase classname="CASPROJECT.TC01" name="Login" time="10.702"/>
</testsuite> <!-- CASPROJECT.TC01 -->
