<?xml version="1.0" encoding="UTF-8"?>
<!-- Generated by org.testng.reporters.JUnitReportReporter -->
<testsuite hostname="LTIN251660" failures="0" tests="6" name="project.NewTest1" time="11.440" errors="0" timestamp="2024-02-01T14:51:24 IST" skipped="0">
  <testcase classname="project.NewTest1" name="Login1" time="0.316"/>
  <testcase classname="project.NewTest1" name="Login1" time="0.691"/>
  <testcase classname="project.NewTest1" name="forgotLogin" time="1.872"/>
  <testcase classname="project.NewTest1" name="forgotLogin" time="4.590"/>
  <testcase classname="project.NewTest1" name="PrivacyNewTab" time="2.235"/>
  <testcase classname="project.NewTest1" name="PrivacyNewTab" time="1.736"/>
</testsuite> <!-- project.NewTest1 -->
