<?xml version="1.0" encoding="UTF-8"?>
<!-- Generated by org.testng.reporters.JUnitReportReporter -->
<testsuite hostname="LTIN251660" failures="0" tests="1" name="CASPROJECT.TC03" time="39.562" errors="0" timestamp="2024-02-19T13:56:36 IST" skipped="0">
  <testcase classname="CASPROJECT.TC03" name="checkAcronym" time="39.562"/>
</testsuite> <!-- CASPROJECT.TC03 -->
