<?xml version="1.0" encoding="UTF-8"?>
<!-- Generated by org.testng.reporters.JUnitReportReporter -->
<testsuite hostname="LTIN251660" failures="0" tests="1" name="CASPROJECT.TC05" time="2.258" errors="0" timestamp="2024-02-19T13:56:36 IST" skipped="0">
  <testcase classname="CASPROJECT.TC05" name="validateInvestingHome" time="2.258"/>
</testsuite> <!-- CASPROJECT.TC05 -->
